<?xml version="1.0" encoding="UTF-8"?>
<testng-results ignored="0" total="1" passed="1" failed="0" skipped="0">
  <reporter-output>
  </reporter-output>
  <suite started-at="2024-07-06T10:25:17 IST" name="Default suite" finished-at="2024-07-06T10:25:25 IST" duration-ms="7785">
    <groups>
    </groups>
    <test started-at="2024-07-06T10:25:17 IST" name="Default test" finished-at="2024-07-06T10:25:25 IST" duration-ms="7785">
      <class name="facebook_registration.maven_facebook.TestCase1">
        <test-method signature="login()[pri:0, instance:facebook_registration.maven_facebook.TestCase1@53fdffa1]" started-at="2024-07-06T10:25:17 IST" name="login" finished-at="2024-07-06T10:25:25 IST" duration-ms="7722" status="PASS">
          <reporter-output>
          </reporter-output>
        </test-method> <!-- login -->
      </class> <!-- facebook_registration.maven_facebook.TestCase1 -->
    </test> <!-- Default test -->
  </suite> <!-- Default suite -->
</testng-results>
