<?xml version="1.0" encoding="UTF-8"?>
<testng-results ignored="0" total="1" passed="1" failed="0" skipped="0">
  <reporter-output>
  </reporter-output>
  <suite started-at="2024-07-05T18:53:26 IST" name="Default suite" finished-at="2024-07-05T18:54:15 IST" duration-ms="48651">
    <groups>
    </groups>
    <test started-at="2024-07-05T18:53:26 IST" name="Default test" finished-at="2024-07-05T18:54:15 IST" duration-ms="48651">
      <class name="Maven_Pacakage.Selenium_Maven.TestCase5">
        <test-method signature="login_to_search()[pri:0, instance:Maven_Pacakage.Selenium_Maven.TestCase5@53fdffa1]" started-at="2024-07-05T18:53:27 IST" name="login_to_search" finished-at="2024-07-05T18:54:15 IST" duration-ms="48559" status="PASS">
          <reporter-output>
          </reporter-output>
        </test-method> <!-- login_to_search -->
      </class> <!-- Maven_Pacakage.Selenium_Maven.TestCase5 -->
    </test> <!-- Default test -->
  </suite> <!-- Default suite -->
</testng-results>
